Copyright 1986-2022 Xilinx, Inc. All Rights Reserved. Copyright 2022-2025 Advanced Micro Devices, Inc. All Rights Reserved.
------------------------------------------------------------------------------------------------------------------------------------------------
| Tool Version : Vivado v.2025.1 (win64) Build 6140274 Thu May 22 00:12:29 MDT 2025
<<<<<<< HEAD
| Date         : Fri Apr 24 12:53:53 2026
=======
| Date         : Thu Apr 23 18:19:54 2026
>>>>>>> f791e296ea4674a338443894ad1640085a9690b1
| Host         : LAPTOP-K18B6J6V running 64-bit major release  (build 9200)
| Command      : report_drc -file dip_accelerator_top_drc_opted.rpt -pb dip_accelerator_top_drc_opted.pb -rpx dip_accelerator_top_drc_opted.rpx
| Design       : dip_accelerator_top
| Device       : xc7z010clg400-1
| Speed File   : -1
| Design State : Synthesized
------------------------------------------------------------------------------------------------------------------------------------------------

Report DRC

Table of Contents
-----------------
1. REPORT SUMMARY
2. REPORT DETAILS

1. REPORT SUMMARY
-----------------
            Netlist: netlist
          Floorplan: design_1
      Design limits: <entire design considered>
           Ruledeck: default
             Max checks: <unlimited>
             Checks found: 1
+--------+----------+--------------------+--------+
| Rule   | Severity | Description        | Checks |
+--------+----------+--------------------+--------+
| ZPS7-1 | Warning  | PS7 block required | 1      |
+--------+----------+--------------------+--------+

2. REPORT DETAILS
-----------------
ZPS7-1#1 Warning
PS7 block required  
The PS7 cell must be used in this Zynq design in order to enable correct default configuration.
Related violations: <none>


