Copyright 1986-2022 Xilinx, Inc. All Rights Reserved. Copyright 2022-2025 Advanced Micro Devices, Inc. All Rights Reserved.
-------------------------------------------------------------------------------------------------------------------------------------------------------------------------------
| Tool Version     : Vivado v.2025.1 (win64) Build 6140274 Thu May 22 00:12:29 MDT 2025
<<<<<<< HEAD
| Date             : Fri Apr 24 12:54:55 2026
=======
| Date             : Thu Apr 23 18:20:28 2026
>>>>>>> f791e296ea4674a338443894ad1640085a9690b1
| Host             : LAPTOP-K18B6J6V running 64-bit major release  (build 9200)
| Command          : report_power -file dip_accelerator_top_power_routed.rpt -pb dip_accelerator_top_power_summary_routed.pb -rpx dip_accelerator_top_power_routed.rpx
| Design           : dip_accelerator_top
| Device           : xc7z010clg400-1
| Design State     : routed
| Grade            : commercial
| Process          : typical
| Characterization : Production
-------------------------------------------------------------------------------------------------------------------------------------------------------------------------------

Power Report

Table of Contents
-----------------
1. Summary
1.1 On-Chip Components
1.2 Power Supply Summary
1.3 Confidence Level
2. Settings
2.1 Environment
2.2 Clock Constraints
3. Detailed Reports
3.1 By Hierarchy

1. Summary
----------

+--------------------------+--------------+
<<<<<<< HEAD
| Total On-Chip Power (W)  | 0.100        |
| Design Power Budget (W)  | Unspecified* |
| Power Budget Margin (W)  | NA           |
| Dynamic (W)              | 0.007        |
=======
| Total On-Chip Power (W)  | 0.102        |
| Design Power Budget (W)  | Unspecified* |
| Power Budget Margin (W)  | NA           |
| Dynamic (W)              | 0.009        |
>>>>>>> f791e296ea4674a338443894ad1640085a9690b1
| Device Static (W)        | 0.093        |
| Effective TJA (C/W)      | 11.5         |
| Max Ambient (C)          | 83.8         |
| Junction Temperature (C) | 26.2         |
| Confidence Level         | Low          |
| Setting File             | ---          |
| Simulation Activity File | ---          |
| Design Nets Matched      | NA           |
+--------------------------+--------------+
* Specify Design Power Budget using, set_operating_conditions -design_power_budget <value in Watts>


1.1 On-Chip Components
----------------------

+----------------+-----------+----------+-----------+-----------------+
| On-Chip        | Power (W) | Used     | Available | Utilization (%) |
+----------------+-----------+----------+-----------+-----------------+
<<<<<<< HEAD
| Clocks         |     0.001 |        3 |       --- |             --- |
| Slice Logic    |    <0.001 |       87 |       --- |             --- |
|   LUT as Logic |    <0.001 |       46 |     17600 |            0.26 |
|   CARRY4       |    <0.001 |        9 |      4400 |            0.20 |
|   Register     |    <0.001 |       21 |     35200 |            0.06 |
|   Others       |     0.000 |        2 |       --- |             --- |
| Signals        |    <0.001 |       76 |       --- |             --- |
| I/O            |     0.005 |       14 |       100 |           14.00 |
| Static Power   |     0.093 |          |           |                 |
| Total          |     0.100 |          |           |                 |
=======
| Clocks         |     0.002 |        3 |       --- |             --- |
| Slice Logic    |    <0.001 |      120 |       --- |             --- |
|   LUT as Logic |    <0.001 |       61 |     17600 |            0.35 |
|   CARRY4       |    <0.001 |       12 |      4400 |            0.27 |
|   Register     |    <0.001 |       37 |     35200 |            0.11 |
|   Others       |     0.000 |        2 |       --- |             --- |
| Signals        |    <0.001 |       90 |       --- |             --- |
| I/O            |     0.006 |        9 |       100 |            9.00 |
| Static Power   |     0.093 |          |           |                 |
| Total          |     0.102 |          |           |                 |
>>>>>>> f791e296ea4674a338443894ad1640085a9690b1
+----------------+-----------+----------+-----------+-----------------+


1.2 Power Supply Summary
------------------------

+-----------+-------------+-----------+-------------+------------+-------------+-------------+------------+
| Source    | Voltage (V) | Total (A) | Dynamic (A) | Static (A) | Powerup (A) | Budget (A)  | Margin (A) |
+-----------+-------------+-----------+-------------+------------+-------------+-------------+------------+
| Vccint    |       1.000 |     0.006 |       0.002 |      0.004 |       NA    | Unspecified | NA         |
<<<<<<< HEAD
| Vccaux    |       1.800 |     0.005 |       0.000 |      0.005 |       NA    | Unspecified | NA         |
| Vcco33    |       3.300 |     0.002 |       0.001 |      0.001 |       NA    | Unspecified | NA         |
=======
| Vccaux    |       1.800 |     0.006 |       0.000 |      0.005 |       NA    | Unspecified | NA         |
| Vcco33    |       3.300 |     0.003 |       0.002 |      0.001 |       NA    | Unspecified | NA         |
>>>>>>> f791e296ea4674a338443894ad1640085a9690b1
| Vcco25    |       2.500 |     0.000 |       0.000 |      0.000 |       NA    | Unspecified | NA         |
| Vcco18    |       1.800 |     0.000 |       0.000 |      0.000 |       NA    | Unspecified | NA         |
| Vcco15    |       1.500 |     0.000 |       0.000 |      0.000 |       NA    | Unspecified | NA         |
| Vcco135   |       1.350 |     0.000 |       0.000 |      0.000 |       NA    | Unspecified | NA         |
| Vcco12    |       1.200 |     0.000 |       0.000 |      0.000 |       NA    | Unspecified | NA         |
| Vccaux_io |       1.800 |     0.000 |       0.000 |      0.000 |       NA    | Unspecified | NA         |
| Vccbram   |       1.000 |     0.000 |       0.000 |      0.000 |       NA    | Unspecified | NA         |
| MGTAVcc   |       1.000 |     0.000 |       0.000 |      0.000 |       NA    | Unspecified | NA         |
| MGTAVtt   |       1.200 |     0.000 |       0.000 |      0.000 |       NA    | Unspecified | NA         |
| MGTVccaux |       1.800 |     0.000 |       0.000 |      0.000 |       NA    | Unspecified | NA         |
| Vccpint   |       1.000 |     0.016 |       0.000 |      0.016 |       NA    | Unspecified | NA         |
| Vccpaux   |       1.800 |     0.010 |       0.000 |      0.010 |       NA    | Unspecified | NA         |
| Vccpll    |       1.800 |     0.003 |       0.000 |      0.003 |       NA    | Unspecified | NA         |
| Vcco_ddr  |       1.500 |     0.000 |       0.000 |      0.000 |       NA    | Unspecified | NA         |
| Vcco_mio0 |       1.800 |     0.000 |       0.000 |      0.000 |       NA    | Unspecified | NA         |
| Vcco_mio1 |       1.800 |     0.000 |       0.000 |      0.000 |       NA    | Unspecified | NA         |
| Vccadc    |       1.800 |     0.020 |       0.000 |      0.020 |       NA    | Unspecified | NA         |
+-----------+-------------+-----------+-------------+------------+-------------+-------------+------------+


1.3 Confidence Level
--------------------

+-----------------------------+------------+--------------------------------------------------------+------------------------------------------------------------------------------------------------------------+
| User Input Data             | Confidence | Details                                                | Action                                                                                                     |
+-----------------------------+------------+--------------------------------------------------------+------------------------------------------------------------------------------------------------------------+
| Design implementation state | High       | Design is routed                                       |                                                                                                            |
| Clock nodes activity        | High       | User specified more than 95% of clocks                 |                                                                                                            |
| I/O nodes activity          | Low        | More than 75% of inputs are missing user specification | Provide missing input activity with simulation results or by editing the "By Resource Type -> I/Os" view   |
| Internal nodes activity     | Medium     | User specified less than 25% of internal nodes         | Provide missing internal nodes activity with simulation results or by editing the "By Resource Type" views |
| Device models               | High       | Device models are Production                           |                                                                                                            |
|                             |            |                                                        |                                                                                                            |
| Overall confidence level    | Low        |                                                        |                                                                                                            |
+-----------------------------+------------+--------------------------------------------------------+------------------------------------------------------------------------------------------------------------+


2. Settings
-----------

2.1 Environment
---------------

+-----------------------+------------------------+
| Ambient Temp (C)      | 25.0                   |
| ThetaJA (C/W)         | 11.5                   |
| Airflow (LFM)         | 250                    |
| Heat Sink             | none                   |
| ThetaSA (C/W)         | 0.0                    |
| Board Selection       | medium (10"x10")       |
| # of Board Layers     | 8to11 (8 to 11 Layers) |
| Board Temperature (C) | 25.0                   |
+-----------------------+------------------------+


2.2 Clock Constraints
---------------------

+-------------+--------+-----------------+
| Clock       | Domain | Constraint (ns) |
+-------------+--------+-----------------+
| sys_clk_pin | clk    |             4.0 |
+-------------+--------+-----------------+


3. Detailed Reports
-------------------

3.1 By Hierarchy
----------------

+---------------------+-----------+
| Name                | Power (W) |
+---------------------+-----------+
<<<<<<< HEAD
| dip_accelerator_top |     0.007 |
=======
| dip_accelerator_top |     0.009 |
>>>>>>> f791e296ea4674a338443894ad1640085a9690b1
|   u_controller      |     0.002 |
+---------------------+-----------+


